  [1m[35m (0.2ms)[0m  [1m[34mSELECT sqlite_version(*)[0m
  ↳ bin/rails:9
  [1m[35m (101.5ms)[0m  [1m[35mCREATE TABLE "schema_migrations" ("version" varchar NOT NULL PRIMARY KEY)[0m
  ↳ bin/rails:9
  [1m[35m (144.3ms)[0m  [1m[35mCREATE TABLE "ar_internal_metadata" ("key" varchar NOT NULL PRIMARY KEY, "value" varchar, "created_at" datetime NOT NULL, "updated_at" datetime NOT NULL)[0m
  ↳ bin/rails:9
  [1m[35m (0.2ms)[0m  [1m[34mSELECT "schema_migrations"."version" FROM "schema_migrations" ORDER BY "schema_migrations"."version" ASC[0m
  ↳ bin/rails:9
Migrating to CreateEvents (20180620220006)
  [1m[35m (0.1ms)[0m  [1m[36mbegin transaction[0m
  ↳ bin/rails:9
  [1m[35m (0.8ms)[0m  [1m[35mCREATE TABLE "events" ("id" integer PRIMARY KEY AUTOINCREMENT NOT NULL, "name" varchar, "created_at" datetime NOT NULL, "updated_at" datetime NOT NULL)[0m
  ↳ db/migrate/20180620220006_create_events.rb:3
  [1m[36mActiveRecord::SchemaMigration Create (0.3ms)[0m  [1m[32mINSERT INTO "schema_migrations" ("version") VALUES (?)[0m  [["version", "20180620220006"]]
  ↳ bin/rails:9
  [1m[35m (97.6ms)[0m  [1m[36mcommit transaction[0m
  ↳ bin/rails:9
  [1m[36mActiveRecord::InternalMetadata Load (0.3ms)[0m  [1m[34mSELECT  "ar_internal_metadata".* FROM "ar_internal_metadata" WHERE "ar_internal_metadata"."key" = ? LIMIT ?[0m  [["key", "environment"], ["LIMIT", 1]]
  ↳ bin/rails:9
  [1m[35m (0.1ms)[0m  [1m[36mbegin transaction[0m
  ↳ bin/rails:9
  [1m[36mActiveRecord::InternalMetadata Create (0.4ms)[0m  [1m[32mINSERT INTO "ar_internal_metadata" ("key", "value", "created_at", "updated_at") VALUES (?, ?, ?, ?)[0m  [["key", "environment"], ["value", "development"], ["created_at", "2018-06-20 22:00:15.636342"], ["updated_at", "2018-06-20 22:00:15.636342"]]
  ↳ bin/rails:9
  [1m[35m (62.0ms)[0m  [1m[36mcommit transaction[0m
  ↳ bin/rails:9
  [1m[35m (0.3ms)[0m  [1m[34mSELECT "schema_migrations"."version" FROM "schema_migrations" ORDER BY "schema_migrations"."version" ASC[0m
  ↳ bin/rails:9
Started GET "/" for 127.0.0.1 at 2018-06-21 01:25:56 +0300
  [1m[35m (0.4ms)[0m  [1m[34mSELECT "schema_migrations"."version" FROM "schema_migrations" ORDER BY "schema_migrations"."version" ASC[0m
  ↳ /home/puskuruk/.rbenv/versions/2.5.0/lib/ruby/gems/2.5.0/gems/activerecord-5.2.0/lib/active_record/log_subscriber.rb:98
Processing by EventsController#index as HTML
  Rendering events/index.html.erb within layouts/application
  [1m[36mEvent Load (69.4ms)[0m  [1m[34mSELECT "events".* FROM "events"[0m
  ↳ app/views/events/index.html.erb:14
  Rendered events/index.html.erb within layouts/application (90.1ms)
[Webpacker] Compiling…
[Webpacker] Compilation failed:

Hash: c0253a64e4ed0cf1cae7
Version: webpack 3.12.0
Time: 4556ms
                                                   Asset       Size  Chunks             Chunk Names
                     application-c9a58a371f4b3e844c6d.js     135 kB    0, 1  [emitted]  application
    controllers/hello_controller-9a61af7ebac206c4e3f6.js     133 kB       1  [emitted]  controllers/hello_controller
                 application-c9a58a371f4b3e844c6d.js.map     129 kB    0, 1  [emitted]  application
controllers/hello_controller-9a61af7ebac206c4e3f6.js.map     128 kB       1  [emitted]  controllers/hello_controller
                                           manifest.json  350 bytes          [emitted]  
  [26] ./app/javascript/packs/controllers/hello_controller.js 2.64 kB {0} {1} [built]
  [27] ./app/javascript/packs/application.js 367 bytes {0} [built]
  [28] ./app/javascript/packs/controllers \.js$ 186 bytes {0} [built]
    + 26 hidden modules

ERROR in ./app/javascript/packs/application.js
Module not found: Error: Can't resolve 'stimulus/webpack-helpes' in '/home/puskuruk/stimuluslu/app/javascript/packs'
 @ ./app/javascript/packs/application.js 5:0-51

Completed 200 OK in 13168ms (Views: 13007.1ms | ActiveRecord: 69.7ms)


Started GET "/" for 127.0.0.1 at 2018-06-21 01:26:44 +0300
Processing by EventsController#index as HTML
  Rendering events/index.html.erb within layouts/application
  [1m[36mEvent Load (0.3ms)[0m  [1m[34mSELECT "events".* FROM "events"[0m
  ↳ app/views/events/index.html.erb:14
  Rendered events/index.html.erb within layouts/application (2.4ms)
[Webpacker] Compiling…
[Webpacker] Compilation failed:

Hash: 83212192019d6d3c607e
Version: webpack 3.12.0
Time: 767ms
                                                   Asset       Size  Chunks             Chunk Names
                     application-c9296124fbee837b0017.js     139 kB    0, 1  [emitted]  application
    controllers/hello_controller-9a61af7ebac206c4e3f6.js     133 kB       1  [emitted]  controllers/hello_controller
                 application-c9296124fbee837b0017.js.map     133 kB    0, 1  [emitted]  application
controllers/hello_controller-9a61af7ebac206c4e3f6.js.map     128 kB       1  [emitted]  controllers/hello_controller
                                           manifest.json  350 bytes          [emitted]  
  [26] ./app/javascript/packs/controllers/hello_controller.js 2.64 kB {0} {1} [built]
  [27] ./app/javascript/packs/application.js 368 bytes {0} [built]
  [30] ./app/javascript/packs/controllers \.js$ 186 bytes {0} [built]
    + 28 hidden modules

ERROR in ./app/javascript/packs/application.js
10:0-8 "export 'autoload' was not found in 'stimulus/webpack-helpers'
 @ ./app/javascript/packs/application.js

Completed 200 OK in 2063ms (Views: 2060.6ms | ActiveRecord: 0.3ms)


Started GET "/" for 127.0.0.1 at 2018-06-21 01:27:24 +0300
Processing by EventsController#index as HTML
  Rendering events/index.html.erb within layouts/application
  [1m[36mEvent Load (0.2ms)[0m  [1m[34mSELECT "events".* FROM "events"[0m
  ↳ app/views/events/index.html.erb:14
  Rendered events/index.html.erb within layouts/application (1.9ms)
[Webpacker] Compiling…
[Webpacker] Compilation failed:

Hash: 83212192019d6d3c607e
Version: webpack 3.12.0
Time: 552ms
                                                   Asset       Size  Chunks             Chunk Names
                     application-c9296124fbee837b0017.js     139 kB    0, 1  [emitted]  application
    controllers/hello_controller-9a61af7ebac206c4e3f6.js     133 kB       1  [emitted]  controllers/hello_controller
                 application-c9296124fbee837b0017.js.map     133 kB    0, 1  [emitted]  application
controllers/hello_controller-9a61af7ebac206c4e3f6.js.map     128 kB       1  [emitted]  controllers/hello_controller
                                           manifest.json  350 bytes          [emitted]  
  [26] ./app/javascript/packs/controllers/hello_controller.js 2.64 kB {0} {1} [built]
  [27] ./app/javascript/packs/application.js 368 bytes {0} [built]
  [30] ./app/javascript/packs/controllers \.js$ 186 bytes {0} [built]
    + 28 hidden modules

ERROR in ./app/javascript/packs/application.js
10:0-8 "export 'autoload' was not found in 'stimulus/webpack-helpers'
 @ ./app/javascript/packs/application.js

Completed 200 OK in 1523ms (Views: 1520.6ms | ActiveRecord: 0.2ms)


Started GET "/" for 127.0.0.1 at 2018-06-21 01:30:16 +0300
Processing by EventsController#index as HTML
  Rendering events/index.html.erb within layouts/application
  [1m[36mEvent Load (0.2ms)[0m  [1m[34mSELECT "events".* FROM "events"[0m
  ↳ app/views/events/index.html.erb:14
  Rendered events/index.html.erb within layouts/application (1.9ms)
[Webpacker] Compiling…
[Webpacker] Compilation failed:

Hash: 83212192019d6d3c607e
Version: webpack 3.12.0
Time: 579ms
                                                   Asset       Size  Chunks             Chunk Names
                     application-c9296124fbee837b0017.js     139 kB    0, 1  [emitted]  application
    controllers/hello_controller-9a61af7ebac206c4e3f6.js     133 kB       1  [emitted]  controllers/hello_controller
                 application-c9296124fbee837b0017.js.map     133 kB    0, 1  [emitted]  application
controllers/hello_controller-9a61af7ebac206c4e3f6.js.map     128 kB       1  [emitted]  controllers/hello_controller
                                           manifest.json  350 bytes          [emitted]  
  [26] ./app/javascript/packs/controllers/hello_controller.js 2.64 kB {0} {1} [built]
  [27] ./app/javascript/packs/application.js 368 bytes {0} [built]
  [30] ./app/javascript/packs/controllers \.js$ 186 bytes {0} [built]
    + 28 hidden modules

ERROR in ./app/javascript/packs/application.js
10:0-8 "export 'autoload' was not found in 'stimulus/webpack-helpers'
 @ ./app/javascript/packs/application.js

Completed 200 OK in 1935ms (Views: 1933.5ms | ActiveRecord: 0.2ms)


Started GET "/" for 127.0.0.1 at 2018-06-21 01:30:32 +0300
Processing by EventsController#index as HTML
  Rendering events/index.html.erb within layouts/application
  [1m[36mEvent Load (0.2ms)[0m  [1m[34mSELECT "events".* FROM "events"[0m
  ↳ app/views/events/index.html.erb:14
  Rendered events/index.html.erb within layouts/application (1.8ms)
[Webpacker] Compiling…
[Webpacker] Compilation failed:

Hash: 83212192019d6d3c607e
Version: webpack 3.12.0
Time: 594ms
                                                   Asset       Size  Chunks             Chunk Names
                     application-c9296124fbee837b0017.js     139 kB    0, 1  [emitted]  application
    controllers/hello_controller-9a61af7ebac206c4e3f6.js     133 kB       1  [emitted]  controllers/hello_controller
                 application-c9296124fbee837b0017.js.map     133 kB    0, 1  [emitted]  application
controllers/hello_controller-9a61af7ebac206c4e3f6.js.map     128 kB       1  [emitted]  controllers/hello_controller
                                           manifest.json  350 bytes          [emitted]  
  [26] ./app/javascript/packs/controllers/hello_controller.js 2.64 kB {0} {1} [built]
  [27] ./app/javascript/packs/application.js 368 bytes {0} [built]
  [30] ./app/javascript/packs/controllers \.js$ 186 bytes {0} [built]
    + 28 hidden modules

ERROR in ./app/javascript/packs/application.js
10:0-8 "export 'autoload' was not found in 'stimulus/webpack-helpers'
 @ ./app/javascript/packs/application.js

Completed 200 OK in 1705ms (Views: 1703.5ms | ActiveRecord: 0.2ms)


Started GET "/" for 127.0.0.1 at 2018-06-21 01:32:31 +0300
Processing by EventsController#index as HTML
  Rendering events/index.html.erb within layouts/application
  [1m[36mEvent Load (0.6ms)[0m  [1m[34mSELECT "events".* FROM "events"[0m
  ↳ app/views/events/index.html.erb:14
  Rendered events/index.html.erb within layouts/application (5.5ms)
[Webpacker] Compiling…
[Webpacker] Compilation failed:

Hash: fec850df051ad075926a
Version: webpack 3.12.0
Time: 1439ms
                                                   Asset       Size  Chunks             Chunk Names
                     application-a2260f2f162ba24b10fa.js     135 kB    0, 1  [emitted]  application
    controllers/hello_controller-08ce99a39998a05c88d2.js    3.02 kB       1  [emitted]  controllers/hello_controller
                 application-a2260f2f162ba24b10fa.js.map     132 kB    0, 1  [emitted]  application
controllers/hello_controller-08ce99a39998a05c88d2.js.map    2.51 kB       1  [emitted]  controllers/hello_controller
                                           manifest.json  350 bytes          [emitted]  
   [1] ./app/javascript/packs/controllers/hello_controller.js 210 bytes {0} {1} [built] [failed] [1 error]
  [11] ./app/javascript/packs/application.js 368 bytes {0} [built]
  [30] ./app/javascript/packs/controllers \.js$ 186 bytes {0} [built]
    + 28 hidden modules

ERROR in ./app/javascript/packs/application.js
10:0-8 "export 'autoload' was not found in 'stimulus/webpack-helpers'
 @ ./app/javascript/packs/application.js

ERROR in ./app/javascript/packs/controllers/hello_controller.js
Module build failed: SyntaxError: Unexpected token, expected ; (29:4)

  27 | 
  28 | 
> 29 | get nameElement() {
     |     ^
  30 |     return this.targets.find("name")
  31 | }


Completed 200 OK in 2621ms (Views: 2619.2ms | ActiveRecord: 0.6ms)


Started GET "/" for 127.0.0.1 at 2018-06-21 01:34:16 +0300
Processing by EventsController#index as HTML
  Rendering events/index.html.erb within layouts/application
  [1m[36mEvent Load (0.2ms)[0m  [1m[34mSELECT "events".* FROM "events"[0m
  ↳ app/views/events/index.html.erb:14
  Rendered events/index.html.erb within layouts/application (2.2ms)
[Webpacker] Compiling…
[Webpacker] Compilation failed:

Hash: 83212192019d6d3c607e
Version: webpack 3.12.0
Time: 875ms
                                                   Asset       Size  Chunks             Chunk Names
                     application-c9296124fbee837b0017.js     139 kB    0, 1  [emitted]  application
    controllers/hello_controller-9a61af7ebac206c4e3f6.js     133 kB       1  [emitted]  controllers/hello_controller
                 application-c9296124fbee837b0017.js.map     133 kB    0, 1  [emitted]  application
controllers/hello_controller-9a61af7ebac206c4e3f6.js.map     128 kB       1  [emitted]  controllers/hello_controller
                                           manifest.json  350 bytes          [emitted]  
  [26] ./app/javascript/packs/controllers/hello_controller.js 2.64 kB {0} {1} [built]
  [27] ./app/javascript/packs/application.js 368 bytes {0} [built]
  [30] ./app/javascript/packs/controllers \.js$ 186 bytes {0} [built]
    + 28 hidden modules

ERROR in ./app/javascript/packs/application.js
10:0-8 "export 'autoload' was not found in 'stimulus/webpack-helpers'
 @ ./app/javascript/packs/application.js

Completed 200 OK in 1818ms (Views: 1815.9ms | ActiveRecord: 0.2ms)


Started GET "/" for 127.0.0.1 at 2018-06-21 02:11:00 +0300
  [1m[35m (0.2ms)[0m  [1m[34mSELECT "schema_migrations"."version" FROM "schema_migrations" ORDER BY "schema_migrations"."version" ASC[0m
  ↳ /home/puskuruk/.rbenv/versions/2.5.0/lib/ruby/gems/2.5.0/gems/activerecord-5.2.0/lib/active_record/log_subscriber.rb:98
Processing by EventsController#index as HTML
  Rendering events/index.html.erb within layouts/application
  [1m[36mEvent Load (1.1ms)[0m  [1m[34mSELECT "events".* FROM "events"[0m
  ↳ app/views/events/index.html.erb:14
  Rendered events/index.html.erb within layouts/application (15.6ms)
[Webpacker] Compiling…
[Webpacker] Compilation failed:

Hash: fdebcc8f4fea6d804a73
Version: webpack 3.12.0
Time: 1840ms
                                                   Asset       Size  Chunks             Chunk Names
                     application-97954890bf600da079e5.js     137 kB    0, 1  [emitted]  application
    controllers/hello_controller-d3e0623d1132e431096b.js     131 kB       1  [emitted]  controllers/hello_controller
                 application-97954890bf600da079e5.js.map     133 kB    0, 1  [emitted]  application
controllers/hello_controller-d3e0623d1132e431096b.js.map     128 kB       1  [emitted]  controllers/hello_controller
                                           manifest.json  350 bytes          [emitted]  
  [26] ./app/javascript/packs/controllers/hello_controller.js 572 bytes {0} {1} [built]
  [27] ./app/javascript/packs/application.js 372 bytes {0} [built]
  [30] ./app/javascript/packs/controllers \.js$ 186 bytes {0} [built]
    + 28 hidden modules

ERROR in ./app/javascript/packs/application.js
10:0-8 "export 'autoload' was not found in 'stimulus/webpack-helpers'
 @ ./app/javascript/packs/application.js

Completed 200 OK in 8353ms (Views: 8334.5ms | ActiveRecord: 1.4ms)


